<?xml version="1.0" encoding="UTF-8"?>
<!-- Generated by org.testng.reporters.JUnitReportReporter -->
<testsuite hostname="LAPTOP-H5HBHGQL" failures="0" tests="2" name="project.Maven.SeleniumTest" time="0.004" errors="0" timestamp="2021-10-25T22:19:36 IST" skipped="0">
  <testcase classname="project.Maven.SeleniumTest" name="browserAutomation" time="0.004"/>
  <system-out/>
  <testcase classname="project.Maven.SeleniumTest" name="elementUI" time="0.000"/>
  <system-out/>
</testsuite> <!-- project.Maven.SeleniumTest -->
