<?xml version="1.0" encoding="UTF-8"?>
<!-- Generated by org.testng.reporters.JUnitReportReporter -->
<testsuite hostname="LAPTOP-H5HBHGQL" failures="0" tests="1" name="project.Maven.AppTest" time="0.003" errors="0" timestamp="2021-10-25T22:19:36 IST" skipped="0">
  <testcase classname="project.Maven.AppTest" name="shouldAnswerWithTrue" time="0.003"/>
  <system-out/>
</testsuite> <!-- project.Maven.AppTest -->
