<?xml version="1.0" encoding="UTF-8"?>
<!-- Generated by org.testng.reporters.JUnitReportReporter -->
<testsuite hostname="LAPTOP-H5HBHGQL" failures="0" tests="2" name="project.Maven.AppiumTest" time="0.008" errors="0" timestamp="2021-10-25T22:52:33 IST" skipped="0">
  <testcase classname="project.Maven.AppiumTest" name="IOSapps" time="0.007"/>
  <system-out/>
  <testcase classname="project.Maven.AppiumTest" name="appAndroid" time="0.001"/>
  <system-out/>
</testsuite> <!-- project.Maven.AppiumTest -->
