<?xml version="1.0" encoding="UTF-8"?>
<!-- Generated by org.testng.reporters.JUnitReportReporter -->
<testsuite hostname="LAPTOP-H5HBHGQL" failures="0" tests="2" name="project.Maven.RestAPItest" time="0.000" errors="0" timestamp="2021-10-25T22:53:13 IST" skipped="0">
  <testcase classname="project.Maven.RestAPItest" name="postJira" time="0.000"/>
  <system-out/>
  <testcase classname="project.Maven.RestAPItest" name="deleteCookies" time="0.000"/>
  <system-out/>
</testsuite> <!-- project.Maven.RestAPItest -->
